# JRE version: Java(TM) SE Runtime Environment (8.0_421) (build 1.8.0_421-b09)
# Java VM: Java HotSpot(TM) 64-Bit Server VM (25.421-b09 mixed mode windows-amd64 compressed oops)
Heap:
 PSYoungGen      total 153088K, used 64406K [0x00000000f5580000, 0x0000000100000000, 0x0000000100000000)
  eden space 131584K, 32% used [0x00000000f5580000,0x00000000f7f694b0,0x00000000fd600000)
  from space 21504K, 99% used [0x00000000fd600000,0x00000000feafc660,0x00000000feb00000)
  to   space 21504K, 0% used [0x00000000feb00000,0x00000000feb00000,0x0000000100000000)
 ParOldGen       total 199680K, used 24644K [0x00000000e0000000, 0x00000000ec300000, 0x00000000f5580000)
  object space 199680K, 12% used [0x00000000e0000000,0x00000000e1811280,0x00000000ec300000)
 Metaspace       used 21513K, capacity 22672K, committed 22960K, reserved 1069056K
  class space    used 2518K, capacity 2743K, committed 2816K, reserved 1048576K
GC Heap History (8 events):
Event: 1.374 GC heap before
{Heap before GC invocations=1 (full 0):
 PSYoungGen      total 153088K, used 131584K [0x00000000f5580000, 0x0000000100000000, 0x0000000100000000)
  eden space 131584K, 100% used [0x00000000f5580000,0x00000000fd600000,0x00000000fd600000)
  from space 21504K, 0% used [0x00000000feb00000,0x00000000feb00000,0x0000000100000000)
  to   space 21504K, 0% used [0x00000000fd600000,0x00000000fd600000,0x00000000feb00000)
 ParOldGen       total 349696K, used 0K [0x00000000e0000000, 0x00000000f5580000, 0x00000000f5580000)
  object space 349696K, 0% used [0x00000000e0000000,0x00000000e0000000,0x00000000f5580000)
 Metaspace       used 15751K, capacity 16748K, committed 17024K, reserved 1064960K
  class space    used 1915K, capacity 2150K, committed 2176K, reserved 1048576K
Event: 1.379 GC heap after
Heap after GC invocations=1 (full 0):
 PSYoungGen      total 153088K, used 8765K [0x00000000f5580000, 0x0000000100000000, 0x0000000100000000)
  eden space 131584K, 0% used [0x00000000f5580000,0x00000000f5580000,0x00000000fd600000)
  from space 21504K, 40% used [0x00000000fd600000,0x00000000fde8f688,0x00000000feb00000)
  to   space 21504K, 0% used [0x00000000feb00000,0x00000000feb00000,0x0000000100000000)
 ParOldGen       total 349696K, used 24K [0x00000000e0000000, 0x00000000f5580000, 0x00000000f5580000)
  object space 349696K, 0% used [0x00000000e0000000,0x00000000e0006000,0x00000000f5580000)
 Metaspace       used 15751K, capacity 16748K, committed 17024K, reserved 1064960K
  class space    used 1915K, capacity 2150K, committed 2176K, reserved 1048576K
}
Event: 1.549 GC heap before
{Heap before GC invocations=2 (full 0):
 PSYoungGen      total 153088K, used 45255K [0x00000000f5580000, 0x0000000100000000, 0x0000000100000000)
  eden space 131584K, 27% used [0x00000000f5580000,0x00000000f79226c0,0x00000000fd600000)
  from space 21504K, 40% used [0x00000000fd600000,0x00000000fde8f688,0x00000000feb00000)
  to   space 21504K, 0% used [0x00000000feb00000,0x00000000feb00000,0x0000000100000000)
 ParOldGen       total 349696K, used 24K [0x00000000e0000000, 0x00000000f5580000, 0x00000000f5580000)
  object space 349696K, 0% used [0x00000000e0000000,0x00000000e0006000,0x00000000f5580000)
 Metaspace       used 20026K, capacity 21166K, committed 21296K, reserved 1069056K
  class space    used 2448K, capacity 2668K, committed 2688K, reserved 1048576K
Event: 1.552 GC heap after
Heap after GC invocations=2 (full 0):
 PSYoungGen      total 153088K, used 10012K [0x00000000f5580000, 0x0000000100000000, 0x0000000100000000)
  eden space 131584K, 0% used [0x00000000f5580000,0x00000000f5580000,0x00000000fd600000)
  from space 21504K, 46% used [0x00000000feb00000,0x00000000ff4c71c8,0x0000000100000000)
  to   space 21504K, 0% used [0x00000000fd600000,0x00000000fd600000,0x00000000feb00000)
 ParOldGen       total 349696K, used 40K [0x00000000e0000000, 0x00000000f5580000, 0x00000000f5580000)
  object space 349696K, 0% used [0x00000000e0000000,0x00000000e000a000,0x00000000f5580000)
 Metaspace       used 20026K, capacity 21166K, committed 21296K, reserved 1069056K
  class space    used 2448K, capacity 2668K, committed 2688K, reserved 1048576K
}
Event: 1.552 GC heap before
{Heap before GC invocations=3 (full 1):
 PSYoungGen      total 153088K, used 10012K [0x00000000f5580000, 0x0000000100000000, 0x0000000100000000)
  eden space 131584K, 0% used [0x00000000f5580000,0x00000000f5580000,0x00000000fd600000)
  from space 21504K, 46% used [0x00000000feb00000,0x00000000ff4c71c8,0x0000000100000000)
  to   space 21504K, 0% used [0x00000000fd600000,0x00000000fd600000,0x00000000feb00000)
 ParOldGen       total 349696K, used 40K [0x00000000e0000000, 0x00000000f5580000, 0x00000000f5580000)
  object space 349696K, 0% used [0x00000000e0000000,0x00000000e000a000,0x00000000f5580000)
 Metaspace       used 20026K, capacity 21166K, committed 21296K, reserved 1069056K
  class space    used 2448K, capacity 2668K, committed 2688K, reserved 1048576K
Event: 1.567 GC heap after
Heap after GC invocations=3 (full 1):
 PSYoungGen      total 153088K, used 0K [0x00000000f5580000, 0x0000000100000000, 0x0000000100000000)
  eden space 131584K, 0% used [0x00000000f5580000,0x00000000f5580000,0x00000000fd600000)
  from space 21504K, 0% used [0x00000000feb00000,0x00000000feb00000,0x0000000100000000)
  to   space 21504K, 0% used [0x00000000fd600000,0x00000000fd600000,0x00000000feb00000)
 ParOldGen       total 199680K, used 6860K [0x00000000e0000000, 0x00000000ec300000, 0x00000000f5580000)
  object space 199680K, 3% used [0x00000000e0000000,0x00000000e06b3198,0x00000000ec300000)
 Metaspace       used 20026K, capacity 21166K, committed 21296K, reserved 1069056K
  class space    used 2448K, capacity 2668K, committed 2688K, reserved 1048576K
}
Event: 2.163 GC heap before
{Heap before GC invocations=4 (full 1):
 PSYoungGen      total 153088K, used 131584K [0x00000000f5580000, 0x0000000100000000, 0x0000000100000000)
  eden space 131584K, 100% used [0x00000000f5580000,0x00000000fd600000,0x00000000fd600000)
  from space 21504K, 0% used [0x00000000feb00000,0x00000000feb00000,0x0000000100000000)
  to   space 21504K, 0% used [0x00000000fd600000,0x00000000fd600000,0x00000000feb00000)
 ParOldGen       total 199680K, used 6860K [0x00000000e0000000, 0x00000000ec300000, 0x00000000f5580000)
  object space 199680K, 3% used [0x00000000e0000000,0x00000000e06b3198,0x00000000ec300000)
 Metaspace       used 21189K, capacity 22322K, committed 22448K, reserved 1069056K
  class space    used 2498K, capacity 2738K, committed 2816K, reserved 1048576K
Event: 2.171 GC heap after
Heap after GC invocations=4 (full 1):
 PSYoungGen      total 153088K, used 21489K [0x00000000f5580000, 0x0000000100000000, 0x0000000100000000)
  eden space 131584K, 0% used [0x00000000f5580000,0x00000000f5580000,0x00000000fd600000)
  from space 21504K, 99% used [0x00000000fd600000,0x00000000feafc660,0x00000000feb00000)
  to   space 21504K, 0% used [0x00000000feb00000,0x00000000feb00000,0x0000000100000000)
 ParOldGen       total 199680K, used 24644K [0x00000000e0000000, 0x00000000ec300000, 0x00000000f5580000)
  object space 199680K, 12% used [0x00000000e0000000,0x00000000e1811280,0x00000000ec300000)
 Metaspace       used 21189K, capacity 22322K, committed 22448K, reserved 1069056K
  class space    used 2498K, capacity 2738K, committed 2816K, reserved 1048576K
}

